{"/home/balaganabathy/Desktop/LinkedList with Test/LinkedList.js": {"path":"/home/balaganabathy/Desktop/LinkedList with Test/LinkedList.js","statementMap":{"0":{"start":{"line":3,"column":4},"end":{"line":3,"column":21}},"1":{"start":{"line":4,"column":4},"end":{"line":4,"column":20}},"2":{"start":{"line":8,"column":20},"end":{"line":8,"column":55}},"3":{"start":{"line":9,"column":4},"end":{"line":9,"column":24}},"4":{"start":{"line":10,"column":4},"end":{"line":10,"column":34}},"5":{"start":{"line":14,"column":4},"end":{"line":14,"column":55}},"6":{"start":{"line":14,"column":43},"end":{"line":14,"column":55}},"7":{"start":{"line":15,"column":18},"end":{"line":15,"column":27}},"8":{"start":{"line":16,"column":4},"end":{"line":18,"column":5}},"9":{"start":{"line":16,"column":17},"end":{"line":16,"column":18}},"10":{"start":{"line":17,"column":6},"end":{"line":17,"column":29}},"11":{"start":{"line":20,"column":4},"end":{"line":20,"column":19}},"12":{"start":{"line":24,"column":4},"end":{"line":24,"column":31}},"13":{"start":{"line":25,"column":4},"end":{"line":25,"column":34}},"14":{"start":{"line":29,"column":4},"end":{"line":29,"column":46}},"15":{"start":{"line":29,"column":21},"end":{"line":29,"column":46}},"16":{"start":{"line":30,"column":15},"end":{"line":30,"column":41}},"17":{"start":{"line":31,"column":4},"end":{"line":31,"column":35}},"18":{"start":{"line":31,"column":23},"end":{"line":31,"column":35}},"19":{"start":{"line":32,"column":4},"end":{"line":32,"column":31}},"20":{"start":{"line":33,"column":4},"end":{"line":33,"column":34}},"21":{"start":{"line":37,"column":4},"end":{"line":42,"column":5}},"22":{"start":{"line":38,"column":6},"end":{"line":38,"column":55}},"23":{"start":{"line":38,"column":23},"end":{"line":38,"column":55}},"24":{"start":{"line":39,"column":17},"end":{"line":39,"column":43}},"25":{"start":{"line":40,"column":6},"end":{"line":40,"column":55}},"26":{"start":{"line":41,"column":6},"end":{"line":41,"column":36}},"27":{"start":{"line":46,"column":17},"end":{"line":46,"column":19}},"28":{"start":{"line":47,"column":18},"end":{"line":47,"column":27}},"29":{"start":{"line":48,"column":4},"end":{"line":51,"column":5}},"30":{"start":{"line":49,"column":6},"end":{"line":49,"column":48}},"31":{"start":{"line":50,"column":6},"end":{"line":50,"column":29}},"32":{"start":{"line":53,"column":4},"end":{"line":53,"column":33}},"33":{"start":{"line":59,"column":4},"end":{"line":59,"column":23}},"34":{"start":{"line":60,"column":4},"end":{"line":60,"column":21}},"35":{"start":{"line":64,"column":0},"end":{"line":71,"column":2}},"36":{"start":{"line":65,"column":13},"end":{"line":65,"column":29}},"37":{"start":{"line":66,"column":2},"end":{"line":68,"column":3}},"38":{"start":{"line":66,"column":15},"end":{"line":66,"column":32}},"39":{"start":{"line":67,"column":4},"end":{"line":67,"column":31}},"40":{"start":{"line":70,"column":2},"end":{"line":70,"column":12}},"41":{"start":{"line":73,"column":0},"end":{"line":73,"column":28}}},"fnMap":{"0":{"name":"(anonymous_0)","decl":{"start":{"line":2,"column":2},"end":{"line":2,"column":3}},"loc":{"start":{"line":2,"column":16},"end":{"line":5,"column":3}},"line":2},"1":{"name":"(anonymous_1)","decl":{"start":{"line":7,"column":2},"end":{"line":7,"column":3}},"loc":{"start":{"line":7,"column":21},"end":{"line":11,"column":3}},"line":7},"2":{"name":"(anonymous_2)","decl":{"start":{"line":13,"column":2},"end":{"line":13,"column":3}},"loc":{"start":{"line":13,"column":20},"end":{"line":21,"column":3}},"line":13},"3":{"name":"(anonymous_3)","decl":{"start":{"line":23,"column":2},"end":{"line":23,"column":3}},"loc":{"start":{"line":23,"column":15},"end":{"line":26,"column":3}},"line":23},"4":{"name":"(anonymous_4)","decl":{"start":{"line":28,"column":2},"end":{"line":28,"column":3}},"loc":{"start":{"line":28,"column":23},"end":{"line":34,"column":3}},"line":28},"5":{"name":"(anonymous_5)","decl":{"start":{"line":36,"column":2},"end":{"line":36,"column":3}},"loc":{"start":{"line":36,"column":30},"end":{"line":43,"column":3}},"line":36},"6":{"name":"(anonymous_6)","decl":{"start":{"line":45,"column":2},"end":{"line":45,"column":3}},"loc":{"start":{"line":45,"column":10},"end":{"line":54,"column":3}},"line":45},"7":{"name":"(anonymous_7)","decl":{"start":{"line":58,"column":2},"end":{"line":58,"column":3}},"loc":{"start":{"line":58,"column":27},"end":{"line":61,"column":3}},"line":58},"8":{"name":"(anonymous_8)","decl":{"start":{"line":64,"column":24},"end":{"line":64,"column":25}},"loc":{"start":{"line":64,"column":45},"end":{"line":71,"column":1}},"line":64}},"branchMap":{"0":{"loc":{"start":{"line":14,"column":4},"end":{"line":14,"column":55}},"type":"if","locations":[{"start":{"line":14,"column":4},"end":{"line":14,"column":55}},{"start":{},"end":{}}],"line":14},"1":{"loc":{"start":{"line":14,"column":8},"end":{"line":14,"column":41}},"type":"binary-expr","locations":[{"start":{"line":14,"column":8},"end":{"line":14,"column":17}},{"start":{"line":14,"column":21},"end":{"line":14,"column":41}}],"line":14},"2":{"loc":{"start":{"line":29,"column":4},"end":{"line":29,"column":46}},"type":"if","locations":[{"start":{"line":29,"column":4},"end":{"line":29,"column":46}},{"start":{},"end":{}}],"line":29},"3":{"loc":{"start":{"line":31,"column":4},"end":{"line":31,"column":35}},"type":"if","locations":[{"start":{"line":31,"column":4},"end":{"line":31,"column":35}},{"start":{},"end":{}}],"line":31},"4":{"loc":{"start":{"line":37,"column":4},"end":{"line":42,"column":5}},"type":"if","locations":[{"start":{"line":37,"column":4},"end":{"line":42,"column":5}},{"start":{},"end":{}}],"line":37},"5":{"loc":{"start":{"line":37,"column":10},"end":{"line":37,"column":43}},"type":"binary-expr","locations":[{"start":{"line":37,"column":10},"end":{"line":37,"column":19}},{"start":{"line":37,"column":23},"end":{"line":37,"column":43}}],"line":37},"6":{"loc":{"start":{"line":38,"column":6},"end":{"line":38,"column":55}},"type":"if","locations":[{"start":{"line":38,"column":6},"end":{"line":38,"column":55}},{"start":{},"end":{}}],"line":38}},"s":{"0":14,"1":14,"2":37,"3":37,"4":37,"5":10,"6":4,"7":6,"8":6,"9":6,"10":7,"11":6,"12":2,"13":2,"14":4,"15":1,"16":3,"17":3,"18":2,"19":1,"20":1,"21":4,"22":2,"23":1,"24":1,"25":1,"26":1,"27":0,"28":0,"29":0,"30":0,"31":0,"32":0,"33":38,"34":38,"35":1,"36":13,"37":13,"38":13,"39":34,"40":13,"41":1},"f":{"0":14,"1":37,"2":10,"3":2,"4":4,"5":4,"6":0,"7":38,"8":13},"b":{"0":[4,6],"1":[10,8],"2":[1,3],"3":[2,1],"4":[2,2],"5":[4,3],"6":[1,1]},"_coverageSchema":"1a1c01bbd47fc00a2c39e90264f33305004495a9","hash":"fb30d8355a04073305bbfe204355b1ca86e06bdd"}
}
