TN:
SF:LinkedList.js
FN:2,(anonymous_0)
FN:7,(anonymous_1)
FN:13,(anonymous_2)
FN:23,(anonymous_3)
FN:28,(anonymous_4)
FN:36,(anonymous_5)
FN:45,(anonymous_6)
FN:58,(anonymous_7)
FN:64,(anonymous_8)
FNF:9
FNH:8
FNDA:14,(anonymous_0)
FNDA:37,(anonymous_1)
FNDA:10,(anonymous_2)
FNDA:2,(anonymous_3)
FNDA:4,(anonymous_4)
FNDA:4,(anonymous_5)
FNDA:0,(anonymous_6)
FNDA:38,(anonymous_7)
FNDA:13,(anonymous_8)
DA:3,14
DA:4,14
DA:8,37
DA:9,37
DA:10,37
DA:14,10
DA:15,6
DA:16,6
DA:17,7
DA:20,6
DA:24,2
DA:25,2
DA:29,4
DA:30,3
DA:31,3
DA:32,1
DA:33,1
DA:37,4
DA:38,2
DA:39,1
DA:40,1
DA:41,1
DA:46,0
DA:47,0
DA:48,0
DA:49,0
DA:50,0
DA:53,0
DA:59,38
DA:60,38
DA:64,1
DA:65,13
DA:66,13
DA:67,34
DA:70,13
DA:73,1
LF:36
LH:30
BRDA:14,0,0,4
BRDA:14,0,1,6
BRDA:14,1,0,10
BRDA:14,1,1,8
BRDA:29,2,0,1
BRDA:29,2,1,3
BRDA:31,3,0,2
BRDA:31,3,1,1
BRDA:37,4,0,2
BRDA:37,4,1,2
BRDA:37,5,0,4
BRDA:37,5,1,3
BRDA:38,6,0,1
BRDA:38,6,1,1
BRF:14
BRH:14
end_of_record
